<?xml version="1.0" encoding="UTF-8"?>
<!-- Generated by org.testng.reporters.JUnitXMLReporter -->
<testsuite hostname="DESKTOP-ILBLPA2" ignored="0" name="Surefire test" tests="4" failures="0" timestamp="23 Jun 2019 15:45:27 GMT" time="18.735" errors="0">
  <testcase name="LoginWithMultipleUsers" time="1.537" classname="com.qa.tests.ExcelReadTest"/>
  <testcase name="LoginWithMultipleUsers" time="1.418" classname="com.qa.tests.ExcelReadTest"/>
  <testcase name="CheckTitle" time="0.675" classname="com.qa.tests.TestBrowser"/>
  <testcase name="OpenBrowser" time="0.327" classname="com.qa.tests.TestBrowser"/>
</testsuite> <!-- Surefire test -->
