<?xml version="1.0" encoding="UTF-8"?>
<!-- Generated by org.testng.reporters.JUnitXMLReporter -->
<testsuite hostname="DESKTOP-ILBLPA2" ignored="0" name="Command line test" tests="4" failures="0" timestamp="26 Jul 2019 23:41:20 GMT" time="44.345" errors="0">
  <testcase name="LoginWithMultipleUsers" time="7.134" classname="com.qa.tests.ExcelReadTest"/>
  <testcase name="LoginWithMultipleUsers" time="5.307" classname="com.qa.tests.ExcelReadTest"/>
  <testcase name="CheckTitle" time="2.624" classname="com.qa.tests.TestBrowser"/>
  <testcase name="OpenBrowser" time="0.332" classname="com.qa.tests.TestBrowser"/>
</testsuite> <!-- Command line test -->
