<?xml version="1.0" encoding="UTF-8"?>
<testng-results skipped="0" failed="0" total="2" passed="2">
  <reporter-output>
  </reporter-output>
  <suite name="Suite" duration-ms="6087" started-at="2019-06-23T15:35:24Z" finished-at="2019-06-23T15:35:30Z">
    <groups>
    </groups>
    <test name="Test" duration-ms="6087" started-at="2019-06-23T15:35:24Z" finished-at="2019-06-23T15:35:30Z">
      <class name="com.qa.tests.TestBrowser">
        <test-method status="PASS" signature="setup()[pri:0, instance:com.qa.tests.TestBrowser@ea4a92b]" name="setup" is-config="true" duration-ms="4318" started-at="2019-06-23T10:35:24Z" finished-at="2019-06-23T10:35:29Z">
          <reporter-output>
          </reporter-output>
        </test-method> <!-- setup -->
        <test-method status="PASS" signature="CheckTitle()[pri:0, instance:com.qa.tests.TestBrowser@ea4a92b]" name="CheckTitle" duration-ms="1407" started-at="2019-06-23T10:35:29Z" finished-at="2019-06-23T10:35:30Z">
          <reporter-output>
          </reporter-output>
        </test-method> <!-- CheckTitle -->
        <test-method status="PASS" signature="OpenBrowser()[pri:0, instance:com.qa.tests.TestBrowser@ea4a92b]" name="OpenBrowser" duration-ms="351" started-at="2019-06-23T10:35:30Z" finished-at="2019-06-23T10:35:30Z">
          <reporter-output>
          </reporter-output>
        </test-method> <!-- OpenBrowser -->
      </class> <!-- com.qa.tests.TestBrowser -->
    </test> <!-- Test -->
  </suite> <!-- Suite -->
</testng-results>
